2016-06-07 20:14:38.344  INFO 28453 --- [JavaFX Application Thread] o.s.boot.SpringApplication               : Starting application on MSI-Z87 with PID 28453 (/home/dimmaryanto/.m2/repository/org/springframework/boot/spring-boot/1.3.3.RELEASE/spring-boot-1.3.3.RELEASE.jar started by dimmaryanto in /home/dimmaryanto/workspace/spektra-adhya-prasarana)
2016-06-07 20:14:38.345  INFO 28453 --- [JavaFX Application Thread] o.s.boot.SpringApplication               : No active profile set, falling back to default profiles: default
2016-06-07 20:14:38.370  INFO 28453 --- [JavaFX Application Thread] s.c.a.AnnotationConfigApplicationContext : Refreshing org.springframework.context.annotation.AnnotationConfigApplicationContext@674f137c: startup date [Tue Jun 07 20:14:38 WIB 2016]; root of context hierarchy
2016-06-07 20:14:38.901  INFO 28453 --- [JavaFX Application Thread] f.a.AutowiredAnnotationBeanPostProcessor : JSR-330 'javax.inject.Inject' annotation found and supported for autowiring
2016-06-07 20:14:39.111  INFO 28453 --- [JavaFX Application Thread] j.LocalContainerEntityManagerFactoryBean : Building JPA container EntityManagerFactory for persistence unit 'default'
2016-06-07 20:14:39.128  INFO 28453 --- [JavaFX Application Thread] o.hibernate.jpa.internal.util.LogHelper  : HHH000204: Processing PersistenceUnitInfo [
	name: default
	...]
2016-06-07 20:14:39.171  INFO 28453 --- [JavaFX Application Thread] org.hibernate.Version                    : HHH000412: Hibernate Core {4.3.11.Final}
2016-06-07 20:14:39.172  INFO 28453 --- [JavaFX Application Thread] org.hibernate.cfg.Environment            : HHH000206: hibernate.properties not found
2016-06-07 20:14:39.173  INFO 28453 --- [JavaFX Application Thread] org.hibernate.cfg.Environment            : HHH000021: Bytecode provider name : javassist
2016-06-07 20:14:39.288  INFO 28453 --- [JavaFX Application Thread] o.hibernate.annotations.common.Version   : HCANN000001: Hibernate Commons Annotations {4.0.5.Final}
2016-06-07 20:14:39.475  INFO 28453 --- [JavaFX Application Thread] org.hibernate.dialect.Dialect            : HHH000400: Using dialect: org.hibernate.dialect.PostgreSQL9Dialect
2016-06-07 20:14:39.482  INFO 28453 --- [JavaFX Application Thread] o.h.e.jdbc.internal.LobCreatorBuilder    : HHH000424: Disabling contextual LOB creation as createClob() method threw error : java.lang.reflect.InvocationTargetException
2016-06-07 20:14:39.591  INFO 28453 --- [JavaFX Application Thread] o.h.h.i.ast.ASTQueryTranslatorFactory    : HHH000397: Using ASTQueryTranslatorFactory
2016-06-07 20:14:39.795  INFO 28453 --- [JavaFX Application Thread] org.hibernate.tool.hbm2ddl.SchemaUpdate  : HHH000228: Running hbm2ddl schema update
2016-06-07 20:14:39.795  INFO 28453 --- [JavaFX Application Thread] org.hibernate.tool.hbm2ddl.SchemaUpdate  : HHH000102: Fetching database metadata
2016-06-07 20:14:39.796  INFO 28453 --- [JavaFX Application Thread] org.hibernate.tool.hbm2ddl.SchemaUpdate  : HHH000396: Updating schema
2016-06-07 20:14:39.817  INFO 28453 --- [JavaFX Application Thread] o.hibernate.tool.hbm2ddl.TableMetadata   : HHH000261: Table found: public.absensi_karyawan
2016-06-07 20:14:39.817  INFO 28453 --- [JavaFX Application Thread] o.hibernate.tool.hbm2ddl.TableMetadata   : HHH000037: Columns: [created_date_time, last_updated_date_time, keterangan, hadir, lembur, id_karyawan, id, tanggal_hadir]
2016-06-07 20:14:39.818  INFO 28453 --- [JavaFX Application Thread] o.hibernate.tool.hbm2ddl.TableMetadata   : HHH000108: Foreign keys: [fk_kmo0ydqko0n2h6jdhcmguggs8]
2016-06-07 20:14:39.818  INFO 28453 --- [JavaFX Application Thread] o.hibernate.tool.hbm2ddl.TableMetadata   : HHH000126: Indexes: [uq_hadir_karyawan, absensi_karyawan_pkey]
2016-06-07 20:14:39.832  INFO 28453 --- [JavaFX Application Thread] o.hibernate.tool.hbm2ddl.TableMetadata   : HHH000261: Table found: public.cicilan_motor
2016-06-07 20:14:39.832  INFO 28453 --- [JavaFX Application Thread] o.hibernate.tool.hbm2ddl.TableMetadata   : HHH000037: Columns: [created_date_time, last_updated_date_time, tanggal_bayar, kode_motor, bayar, id, pembayaran_angsuran_ke]
2016-06-07 20:14:39.832  INFO 28453 --- [JavaFX Application Thread] o.hibernate.tool.hbm2ddl.TableMetadata   : HHH000108: Foreign keys: [fk_nxnsbhwfybu70fr8cmsw0k3et]
2016-06-07 20:14:39.832  INFO 28453 --- [JavaFX Application Thread] o.hibernate.tool.hbm2ddl.TableMetadata   : HHH000126: Indexes: [uq_angsuran, cicilan_motor_pkey]
2016-06-07 20:14:39.845  INFO 28453 --- [JavaFX Application Thread] o.hibernate.tool.hbm2ddl.TableMetadata   : HHH000261: Table found: public.data_jabatan
2016-06-07 20:14:39.846  INFO 28453 --- [JavaFX Application Thread] o.hibernate.tool.hbm2ddl.TableMetadata   : HHH000037: Columns: [created_date_time, last_updated_date_time, gaji_pokok, keterangan, kode_jabatan, name, id]
2016-06-07 20:14:39.846  INFO 28453 --- [JavaFX Application Thread] o.hibernate.tool.hbm2ddl.TableMetadata   : HHH000108: Foreign keys: []
2016-06-07 20:14:39.846  INFO 28453 --- [JavaFX Application Thread] o.hibernate.tool.hbm2ddl.TableMetadata   : HHH000126: Indexes: [uk_9w7wl8rkueiy5nqjqa385625, data_jabatan_pkey]
2016-06-07 20:14:39.858  INFO 28453 --- [JavaFX Application Thread] o.hibernate.tool.hbm2ddl.TableMetadata   : HHH000261: Table found: public.data_karyawan
2016-06-07 20:14:39.859  INFO 28453 --- [JavaFX Application Thread] o.hibernate.tool.hbm2ddl.TableMetadata   : HHH000037: Columns: [last_updated_date_time, gaji_pokok, kode_motor, pendidikan, tanggal_mulai_kerja, no_kepegawaian, kode_jabatan, agama, index, no_kependudukan, kode_pengajuan_kasbon, alamat, created_date_time, nama, tempat_lahir, jenis_kelamin, tanggal_lahir]
2016-06-07 20:14:39.859  INFO 28453 --- [JavaFX Application Thread] o.hibernate.tool.hbm2ddl.TableMetadata   : HHH000108: Foreign keys: [fk_823v3ixtol9jd5ej10ml7n9c4, fk_n1dwa20i1u9x6ws4glfakemv2, fk_p338xwsdpaotds0ptvakgx3tt]
2016-06-07 20:14:39.859  INFO 28453 --- [JavaFX Application Thread] o.hibernate.tool.hbm2ddl.TableMetadata   : HHH000126: Indexes: [uk_f82k3uda0vretqmeax8f8h2nm, uk_scb2e0v7fdojlhkyuulr2s96j, data_karyawan_pkey]
2016-06-07 20:14:39.872  INFO 28453 --- [JavaFX Application Thread] o.hibernate.tool.hbm2ddl.TableMetadata   : HHH000261: Table found: public.data_motor
2016-06-07 20:14:39.872  INFO 28453 --- [JavaFX Application Thread] o.hibernate.tool.hbm2ddl.TableMetadata   : HHH000037: Columns: [disetujui, created_date_time, pembayaran, last_updated_date_time, sudah_diterima, merek_motor, no_polisi, tanggal_pesan, total_angsuran, id, downpayment]
2016-06-07 20:14:39.872  INFO 28453 --- [JavaFX Application Thread] o.hibernate.tool.hbm2ddl.TableMetadata   : HHH000108: Foreign keys: []
2016-06-07 20:14:39.872  INFO 28453 --- [JavaFX Application Thread] o.hibernate.tool.hbm2ddl.TableMetadata   : HHH000126: Indexes: [data_motor_pkey]
2016-06-07 20:14:39.886  INFO 28453 --- [JavaFX Application Thread] o.hibernate.tool.hbm2ddl.TableMetadata   : HHH000261: Table found: public.gaji_karyawan
2016-06-07 20:14:39.886  INFO 28453 --- [JavaFX Application Thread] o.hibernate.tool.hbm2ddl.TableMetadata   : HHH000037: Columns: [uang_transport, created_date_time, last_updated_date_time, gaji_pokok, tanggal_penerimaan_gaji, jumlah_kehadiran, id_karyawan, jumlah_lembur, id, uang_lembur, tahun_bulan_penerimaan]
2016-06-07 20:14:39.886  INFO 28453 --- [JavaFX Application Thread] o.hibernate.tool.hbm2ddl.TableMetadata   : HHH000108: Foreign keys: [fk_sjcpy4lwohrsj2rocy501hpky]
2016-06-07 20:14:39.886  INFO 28453 --- [JavaFX Application Thread] o.hibernate.tool.hbm2ddl.TableMetadata   : HHH000126: Indexes: [gaji_karyawan_pkey, uq_karyawan_gaji]
2016-06-07 20:14:39.899  INFO 28453 --- [JavaFX Application Thread] o.hibernate.tool.hbm2ddl.TableMetadata   : HHH000261: Table found: public.kasbon_karyawan
2016-06-07 20:14:39.899  INFO 28453 --- [JavaFX Application Thread] o.hibernate.tool.hbm2ddl.TableMetadata   : HHH000037: Columns: [created_date_time, pembayaran, last_updated_date_time, pinjaman, tanggal_pinjam, saldo_terakhir, id_karyawan, dicetak, id]
2016-06-07 20:14:39.899  INFO 28453 --- [JavaFX Application Thread] o.hibernate.tool.hbm2ddl.TableMetadata   : HHH000108: Foreign keys: [fk_9nt2i8ofr9tqn1r1l09ic7ee0]
2016-06-07 20:14:39.900  INFO 28453 --- [JavaFX Application Thread] o.hibernate.tool.hbm2ddl.TableMetadata   : HHH000126: Indexes: [kasbon_karyawan_pkey]
2016-06-07 20:14:39.912  INFO 28453 --- [JavaFX Application Thread] o.hibernate.tool.hbm2ddl.TableMetadata   : HHH000261: Table found: public.pengajuan_kasbon_karyawan
2016-06-07 20:14:39.912  INFO 28453 --- [JavaFX Application Thread] o.hibernate.tool.hbm2ddl.TableMetadata   : HHH000037: Columns: [disetujui, disetujui_pada, created_date_time, jumlah_nominal, last_updated_date_time, tanggal_transaksi, id]
2016-06-07 20:14:39.912  INFO 28453 --- [JavaFX Application Thread] o.hibernate.tool.hbm2ddl.TableMetadata   : HHH000108: Foreign keys: []
2016-06-07 20:14:39.912  INFO 28453 --- [JavaFX Application Thread] o.hibernate.tool.hbm2ddl.TableMetadata   : HHH000126: Indexes: [pengajuan_kasbon_karyawan_pkey]
2016-06-07 20:14:39.913  INFO 28453 --- [JavaFX Application Thread] org.hibernate.tool.hbm2ddl.SchemaUpdate  : HHH000232: Schema update complete
2016-06-07 20:14:40.403  INFO 28453 --- [JavaFX Application Thread] o.s.j.e.a.AnnotationMBeanExporter        : Registering beans for JMX exposure on startup
2016-06-07 20:14:40.412  INFO 28453 --- [JavaFX Application Thread] o.s.boot.SpringApplication               : Started application in 2.269 seconds (JVM running for 5.859)
2016-06-07 20:14:40.414  INFO 28453 --- [JavaFX Application Thread] app.MainApplication                      : JavaFX loading...
2016-06-07 20:14:40.855  INFO 28453 --- [JavaFX Application Thread] app.MainApplication                      : JavaFX started, have nice day sir!
2016-06-07 20:14:45.691  INFO 28453 --- [JavaFX Application Thread] app.controller.HomeController            : Center scene will be changed
2016-06-07 20:14:50.712  INFO 28453 --- [JavaFX Application Thread] s.c.a.AnnotationConfigApplicationContext : Closing org.springframework.context.annotation.AnnotationConfigApplicationContext@674f137c: startup date [Tue Jun 07 20:14:38 WIB 2016]; root of context hierarchy
2016-06-07 20:14:50.717  INFO 28453 --- [JavaFX Application Thread] o.s.j.e.a.AnnotationMBeanExporter        : Unregistering JMX-exposed beans on shutdown
2016-06-07 20:14:50.735  INFO 28453 --- [JavaFX Application Thread] j.LocalContainerEntityManagerFactoryBean : Closing JPA EntityManagerFactory for persistence unit 'default'
2016-06-07 20:17:00.579  INFO 28538 --- [JavaFX Application Thread] o.s.boot.SpringApplication               : Starting application on MSI-Z87 with PID 28538 (/home/dimmaryanto/.m2/repository/org/springframework/boot/spring-boot/1.3.3.RELEASE/spring-boot-1.3.3.RELEASE.jar started by dimmaryanto in /home/dimmaryanto/workspace/spektra-adhya-prasarana)
2016-06-07 20:17:00.580  INFO 28538 --- [JavaFX Application Thread] o.s.boot.SpringApplication               : No active profile set, falling back to default profiles: default
2016-06-07 20:17:00.606  INFO 28538 --- [JavaFX Application Thread] s.c.a.AnnotationConfigApplicationContext : Refreshing org.springframework.context.annotation.AnnotationConfigApplicationContext@5d9196b8: startup date [Tue Jun 07 20:17:00 WIB 2016]; root of context hierarchy
2016-06-07 20:17:01.154  INFO 28538 --- [JavaFX Application Thread] f.a.AutowiredAnnotationBeanPostProcessor : JSR-330 'javax.inject.Inject' annotation found and supported for autowiring
2016-06-07 20:17:01.362  INFO 28538 --- [JavaFX Application Thread] j.LocalContainerEntityManagerFactoryBean : Building JPA container EntityManagerFactory for persistence unit 'default'
2016-06-07 20:17:01.379  INFO 28538 --- [JavaFX Application Thread] o.hibernate.jpa.internal.util.LogHelper  : HHH000204: Processing PersistenceUnitInfo [
	name: default
	...]
2016-06-07 20:17:01.425  INFO 28538 --- [JavaFX Application Thread] org.hibernate.Version                    : HHH000412: Hibernate Core {4.3.11.Final}
2016-06-07 20:17:01.427  INFO 28538 --- [JavaFX Application Thread] org.hibernate.cfg.Environment            : HHH000206: hibernate.properties not found
2016-06-07 20:17:01.428  INFO 28538 --- [JavaFX Application Thread] org.hibernate.cfg.Environment            : HHH000021: Bytecode provider name : javassist
2016-06-07 20:17:01.548  INFO 28538 --- [JavaFX Application Thread] o.hibernate.annotations.common.Version   : HCANN000001: Hibernate Commons Annotations {4.0.5.Final}
2016-06-07 20:17:01.764  INFO 28538 --- [JavaFX Application Thread] org.hibernate.dialect.Dialect            : HHH000400: Using dialect: org.hibernate.dialect.PostgreSQL9Dialect
2016-06-07 20:17:01.771  INFO 28538 --- [JavaFX Application Thread] o.h.e.jdbc.internal.LobCreatorBuilder    : HHH000424: Disabling contextual LOB creation as createClob() method threw error : java.lang.reflect.InvocationTargetException
2016-06-07 20:17:01.882  INFO 28538 --- [JavaFX Application Thread] o.h.h.i.ast.ASTQueryTranslatorFactory    : HHH000397: Using ASTQueryTranslatorFactory
2016-06-07 20:17:02.086  INFO 28538 --- [JavaFX Application Thread] org.hibernate.tool.hbm2ddl.SchemaUpdate  : HHH000228: Running hbm2ddl schema update
2016-06-07 20:17:02.086  INFO 28538 --- [JavaFX Application Thread] org.hibernate.tool.hbm2ddl.SchemaUpdate  : HHH000102: Fetching database metadata
2016-06-07 20:17:02.088  INFO 28538 --- [JavaFX Application Thread] org.hibernate.tool.hbm2ddl.SchemaUpdate  : HHH000396: Updating schema
2016-06-07 20:17:02.108  INFO 28538 --- [JavaFX Application Thread] o.hibernate.tool.hbm2ddl.TableMetadata   : HHH000261: Table found: public.absensi_karyawan
2016-06-07 20:17:02.108  INFO 28538 --- [JavaFX Application Thread] o.hibernate.tool.hbm2ddl.TableMetadata   : HHH000037: Columns: [created_date_time, last_updated_date_time, keterangan, hadir, lembur, id_karyawan, id, tanggal_hadir]
2016-06-07 20:17:02.108  INFO 28538 --- [JavaFX Application Thread] o.hibernate.tool.hbm2ddl.TableMetadata   : HHH000108: Foreign keys: [fk_kmo0ydqko0n2h6jdhcmguggs8]
2016-06-07 20:17:02.109  INFO 28538 --- [JavaFX Application Thread] o.hibernate.tool.hbm2ddl.TableMetadata   : HHH000126: Indexes: [uq_hadir_karyawan, absensi_karyawan_pkey]
2016-06-07 20:17:02.122  INFO 28538 --- [JavaFX Application Thread] o.hibernate.tool.hbm2ddl.TableMetadata   : HHH000261: Table found: public.cicilan_motor
2016-06-07 20:17:02.123  INFO 28538 --- [JavaFX Application Thread] o.hibernate.tool.hbm2ddl.TableMetadata   : HHH000037: Columns: [created_date_time, last_updated_date_time, tanggal_bayar, kode_motor, bayar, id, pembayaran_angsuran_ke]
2016-06-07 20:17:02.123  INFO 28538 --- [JavaFX Application Thread] o.hibernate.tool.hbm2ddl.TableMetadata   : HHH000108: Foreign keys: [fk_nxnsbhwfybu70fr8cmsw0k3et]
2016-06-07 20:17:02.123  INFO 28538 --- [JavaFX Application Thread] o.hibernate.tool.hbm2ddl.TableMetadata   : HHH000126: Indexes: [uq_angsuran, cicilan_motor_pkey]
2016-06-07 20:17:02.136  INFO 28538 --- [JavaFX Application Thread] o.hibernate.tool.hbm2ddl.TableMetadata   : HHH000261: Table found: public.data_jabatan
2016-06-07 20:17:02.136  INFO 28538 --- [JavaFX Application Thread] o.hibernate.tool.hbm2ddl.TableMetadata   : HHH000037: Columns: [created_date_time, last_updated_date_time, gaji_pokok, keterangan, kode_jabatan, name, id]
2016-06-07 20:17:02.136  INFO 28538 --- [JavaFX Application Thread] o.hibernate.tool.hbm2ddl.TableMetadata   : HHH000108: Foreign keys: []
2016-06-07 20:17:02.137  INFO 28538 --- [JavaFX Application Thread] o.hibernate.tool.hbm2ddl.TableMetadata   : HHH000126: Indexes: [uk_9w7wl8rkueiy5nqjqa385625, data_jabatan_pkey]
2016-06-07 20:17:02.151  INFO 28538 --- [JavaFX Application Thread] o.hibernate.tool.hbm2ddl.TableMetadata   : HHH000261: Table found: public.data_karyawan
2016-06-07 20:17:02.151  INFO 28538 --- [JavaFX Application Thread] o.hibernate.tool.hbm2ddl.TableMetadata   : HHH000037: Columns: [last_updated_date_time, gaji_pokok, kode_motor, pendidikan, tanggal_mulai_kerja, no_kepegawaian, kode_jabatan, agama, index, no_kependudukan, kode_pengajuan_kasbon, alamat, created_date_time, nama, tempat_lahir, jenis_kelamin, tanggal_lahir]
2016-06-07 20:17:02.151  INFO 28538 --- [JavaFX Application Thread] o.hibernate.tool.hbm2ddl.TableMetadata   : HHH000108: Foreign keys: [fk_823v3ixtol9jd5ej10ml7n9c4, fk_n1dwa20i1u9x6ws4glfakemv2, fk_p338xwsdpaotds0ptvakgx3tt]
2016-06-07 20:17:02.151  INFO 28538 --- [JavaFX Application Thread] o.hibernate.tool.hbm2ddl.TableMetadata   : HHH000126: Indexes: [uk_f82k3uda0vretqmeax8f8h2nm, uk_scb2e0v7fdojlhkyuulr2s96j, data_karyawan_pkey]
2016-06-07 20:17:02.164  INFO 28538 --- [JavaFX Application Thread] o.hibernate.tool.hbm2ddl.TableMetadata   : HHH000261: Table found: public.data_motor
2016-06-07 20:17:02.165  INFO 28538 --- [JavaFX Application Thread] o.hibernate.tool.hbm2ddl.TableMetadata   : HHH000037: Columns: [disetujui, created_date_time, pembayaran, last_updated_date_time, sudah_diterima, merek_motor, no_polisi, tanggal_pesan, total_angsuran, id, downpayment]
2016-06-07 20:17:02.165  INFO 28538 --- [JavaFX Application Thread] o.hibernate.tool.hbm2ddl.TableMetadata   : HHH000108: Foreign keys: []
2016-06-07 20:17:02.165  INFO 28538 --- [JavaFX Application Thread] o.hibernate.tool.hbm2ddl.TableMetadata   : HHH000126: Indexes: [data_motor_pkey]
2016-06-07 20:17:02.180  INFO 28538 --- [JavaFX Application Thread] o.hibernate.tool.hbm2ddl.TableMetadata   : HHH000261: Table found: public.gaji_karyawan
2016-06-07 20:17:02.180  INFO 28538 --- [JavaFX Application Thread] o.hibernate.tool.hbm2ddl.TableMetadata   : HHH000037: Columns: [uang_transport, created_date_time, last_updated_date_time, gaji_pokok, tanggal_penerimaan_gaji, jumlah_kehadiran, id_karyawan, jumlah_lembur, id, uang_lembur, tahun_bulan_penerimaan]
2016-06-07 20:17:02.180  INFO 28538 --- [JavaFX Application Thread] o.hibernate.tool.hbm2ddl.TableMetadata   : HHH000108: Foreign keys: [fk_sjcpy4lwohrsj2rocy501hpky]
2016-06-07 20:17:02.180  INFO 28538 --- [JavaFX Application Thread] o.hibernate.tool.hbm2ddl.TableMetadata   : HHH000126: Indexes: [gaji_karyawan_pkey, uq_karyawan_gaji]
2016-06-07 20:17:02.195  INFO 28538 --- [JavaFX Application Thread] o.hibernate.tool.hbm2ddl.TableMetadata   : HHH000261: Table found: public.kasbon_karyawan
2016-06-07 20:17:02.195  INFO 28538 --- [JavaFX Application Thread] o.hibernate.tool.hbm2ddl.TableMetadata   : HHH000037: Columns: [created_date_time, pembayaran, last_updated_date_time, pinjaman, tanggal_pinjam, saldo_terakhir, id_karyawan, dicetak, id]
2016-06-07 20:17:02.195  INFO 28538 --- [JavaFX Application Thread] o.hibernate.tool.hbm2ddl.TableMetadata   : HHH000108: Foreign keys: [fk_9nt2i8ofr9tqn1r1l09ic7ee0]
2016-06-07 20:17:02.195  INFO 28538 --- [JavaFX Application Thread] o.hibernate.tool.hbm2ddl.TableMetadata   : HHH000126: Indexes: [kasbon_karyawan_pkey]
2016-06-07 20:17:02.207  INFO 28538 --- [JavaFX Application Thread] o.hibernate.tool.hbm2ddl.TableMetadata   : HHH000261: Table found: public.pengajuan_kasbon_karyawan
2016-06-07 20:17:02.208  INFO 28538 --- [JavaFX Application Thread] o.hibernate.tool.hbm2ddl.TableMetadata   : HHH000037: Columns: [disetujui, disetujui_pada, created_date_time, jumlah_nominal, last_updated_date_time, tanggal_transaksi, id]
2016-06-07 20:17:02.208  INFO 28538 --- [JavaFX Application Thread] o.hibernate.tool.hbm2ddl.TableMetadata   : HHH000108: Foreign keys: []
2016-06-07 20:17:02.208  INFO 28538 --- [JavaFX Application Thread] o.hibernate.tool.hbm2ddl.TableMetadata   : HHH000126: Indexes: [pengajuan_kasbon_karyawan_pkey]
2016-06-07 20:17:02.209  INFO 28538 --- [JavaFX Application Thread] org.hibernate.tool.hbm2ddl.SchemaUpdate  : HHH000232: Schema update complete
2016-06-07 20:17:02.717  INFO 28538 --- [JavaFX Application Thread] o.s.j.e.a.AnnotationMBeanExporter        : Registering beans for JMX exposure on startup
2016-06-07 20:17:02.726  INFO 28538 --- [JavaFX Application Thread] o.s.boot.SpringApplication               : Started application in 2.321 seconds (JVM running for 6.119)
2016-06-07 20:17:02.727  INFO 28538 --- [JavaFX Application Thread] app.MainApplication                      : JavaFX loading...
2016-06-07 20:17:03.218  INFO 28538 --- [JavaFX Application Thread] app.MainApplication                      : JavaFX started, have nice day sir!
2016-06-07 20:17:05.129  INFO 28538 --- [JavaFX Application Thread] app.controller.HomeController            : Center scene will be changed
2016-06-07 20:17:05.354  INFO 28538 --- [JavaFX Application Thread] a.c.absensi.AbsensiFormController        : karyawan Ahmad mauludin belum hadir
2016-06-07 20:17:05.429  INFO 28538 --- [JavaFX Application Thread] a.c.absensi.AbsensiFormController        : karyawan atas nama Dimas Maryanto hadir
2016-06-07 20:17:05.455  INFO 28538 --- [JavaFX Application Thread] a.c.absensi.AbsensiFormController        : karyawan atas nama Dimas Maryanto hadir
2016-06-07 20:17:05.467  INFO 28538 --- [JavaFX Application Thread] a.c.absensi.AbsensiFormController        : karyawan atas nama Muhamad hanif muhsin hadir
2016-06-07 20:17:05.467  INFO 28538 --- [JavaFX Application Thread] a.c.absensi.AbsensiFormController        : karyawan atas nama Muhamad hanif muhsin akan lembur!
2016-06-07 20:17:05.491  INFO 28538 --- [JavaFX Application Thread] a.c.absensi.AbsensiFormController        : karyawan atas nama asdfjlkh hadir
2016-06-07 20:17:05.491  INFO 28538 --- [JavaFX Application Thread] a.c.absensi.AbsensiFormController        : karyawan atas nama asdfjlkh akan lembur!
2016-06-07 20:17:05.500  INFO 28538 --- [JavaFX Application Thread] a.c.absensi.AbsensiFormController        : karyawan atas nama Dimas Maryanto hadir
2016-06-07 20:17:09.989  INFO 28538 --- [JavaFX Application Thread] s.c.a.AnnotationConfigApplicationContext : Closing org.springframework.context.annotation.AnnotationConfigApplicationContext@5d9196b8: startup date [Tue Jun 07 20:17:00 WIB 2016]; root of context hierarchy
2016-06-07 20:17:09.992  INFO 28538 --- [JavaFX Application Thread] o.s.j.e.a.AnnotationMBeanExporter        : Unregistering JMX-exposed beans on shutdown
2016-06-07 20:17:09.997  INFO 28538 --- [JavaFX Application Thread] j.LocalContainerEntityManagerFactoryBean : Closing JPA EntityManagerFactory for persistence unit 'default'
